2022-11-16 09:36:37.345  INFO 9528 --- [main] m.b.c.i.D.DailyExpenseManagerApplication : Starting DailyExpenseManagerApplication using Java 17.0.4.1 on DESKTOP-FLH9TBV with PID 9528 (D:\Codes\mini-project\DailyExpenseManager\target\classes started by GrimSkin in D:\Codes\mini-project\DailyExpenseManager)
2022-11-16 09:36:37.357  INFO 9528 --- [main] m.b.c.i.D.DailyExpenseManagerApplication : No active profile set, falling back to 1 default profile: "default"
2022-11-16 09:36:38.452  INFO 9528 --- [main] .s.d.r.c.RepositoryConfigurationDelegate : Bootstrapping Spring Data JPA repositories in DEFAULT mode.
2022-11-16 09:36:38.572  INFO 9528 --- [main] .s.d.r.c.RepositoryConfigurationDelegate : Finished Spring Data repository scanning in 101 ms. Found 4 JPA repository interfaces.
2022-11-16 09:36:39.575  INFO 9528 --- [main] o.s.b.w.embedded.tomcat.TomcatWebServer  : Tomcat initialized with port(s): 8080 (http)
2022-11-16 09:36:39.589  INFO 9528 --- [main] o.apache.catalina.core.StandardService   : Starting service [Tomcat]
2022-11-16 09:36:39.590  INFO 9528 --- [main] org.apache.catalina.core.StandardEngine  : Starting Servlet engine: [Apache Tomcat/9.0.68]
2022-11-16 09:36:39.785  INFO 9528 --- [main] o.a.c.c.C.[Tomcat].[localhost].[/]       : Initializing Spring embedded WebApplicationContext
2022-11-16 09:36:39.786  INFO 9528 --- [main] w.s.c.ServletWebServerApplicationContext : Root WebApplicationContext: initialization completed in 2330 ms
2022-11-16 09:36:40.140  INFO 9528 --- [main] com.zaxxer.hikari.HikariDataSource       : HikariPool-1 - Starting...
2022-11-16 09:36:40.378  INFO 9528 --- [main] com.zaxxer.hikari.HikariDataSource       : HikariPool-1 - Start completed.
2022-11-16 09:36:40.462  INFO 9528 --- [main] o.hibernate.jpa.internal.util.LogHelper  : HHH000204: Processing PersistenceUnitInfo [name: default]
2022-11-16 09:36:40.574  INFO 9528 --- [main] org.hibernate.Version                    : HHH000412: Hibernate ORM core version 5.6.12.Final
2022-11-16 09:36:40.877  INFO 9528 --- [main] o.hibernate.annotations.common.Version   : HCANN000001: Hibernate Commons Annotations {5.1.2.Final}
2022-11-16 09:36:41.098  INFO 9528 --- [main] org.hibernate.dialect.Dialect            : HHH000400: Using dialect: org.hibernate.dialect.MySQL55Dialect
2022-11-16 09:36:41.284 ERROR 9528 --- [main] j.LocalContainerEntityManagerFactoryBean : Failed to initialize JPA EntityManagerFactory: No identifier specified for entity: miniproject.bca.co.id.DailyExpenseManager.model.Expense
2022-11-16 09:36:41.285  WARN 9528 --- [main] ConfigServletWebServerApplicationContext : Exception encountered during context initialization - cancelling refresh attempt: org.springframework.beans.factory.BeanCreationException: Error creating bean with name 'entityManagerFactory' defined in class path resource [org/springframework/boot/autoconfigure/orm/jpa/HibernateJpaConfiguration.class]: Invocation of init method failed; nested exception is org.hibernate.AnnotationException: No identifier specified for entity: miniproject.bca.co.id.DailyExpenseManager.model.Expense
2022-11-16 09:36:41.285  INFO 9528 --- [main] com.zaxxer.hikari.HikariDataSource       : HikariPool-1 - Shutdown initiated...
2022-11-16 09:36:41.297  INFO 9528 --- [main] com.zaxxer.hikari.HikariDataSource       : HikariPool-1 - Shutdown completed.
2022-11-16 09:36:41.302  INFO 9528 --- [main] o.apache.catalina.core.StandardService   : Stopping service [Tomcat]
2022-11-16 09:36:41.323  INFO 9528 --- [main] ConditionEvaluationReportLoggingListener : 

Error starting ApplicationContext. To display the conditions report re-run your application with 'debug' enabled.
2022-11-16 09:36:41.362 ERROR 9528 --- [main] o.s.boot.SpringApplication               : Application run failed

org.springframework.beans.factory.BeanCreationException: Error creating bean with name 'entityManagerFactory' defined in class path resource [org/springframework/boot/autoconfigure/orm/jpa/HibernateJpaConfiguration.class]: Invocation of init method failed; nested exception is org.hibernate.AnnotationException: No identifier specified for entity: miniproject.bca.co.id.DailyExpenseManager.model.Expense
	at org.springframework.beans.factory.support.AbstractAutowireCapableBeanFactory.initializeBean(AbstractAutowireCapableBeanFactory.java:1804) ~[spring-beans-5.3.23.jar:5.3.23]
	at org.springframework.beans.factory.support.AbstractAutowireCapableBeanFactory.doCreateBean(AbstractAutowireCapableBeanFactory.java:620) ~[spring-beans-5.3.23.jar:5.3.23]
	at org.springframework.beans.factory.support.AbstractAutowireCapableBeanFactory.createBean(AbstractAutowireCapableBeanFactory.java:542) ~[spring-beans-5.3.23.jar:5.3.23]
	at org.springframework.beans.factory.support.AbstractBeanFactory.lambda$doGetBean$0(AbstractBeanFactory.java:335) ~[spring-beans-5.3.23.jar:5.3.23]
	at org.springframework.beans.factory.support.DefaultSingletonBeanRegistry.getSingleton(DefaultSingletonBeanRegistry.java:234) ~[spring-beans-5.3.23.jar:5.3.23]
	at org.springframework.beans.factory.support.AbstractBeanFactory.doGetBean(AbstractBeanFactory.java:333) ~[spring-beans-5.3.23.jar:5.3.23]
	at org.springframework.beans.factory.support.AbstractBeanFactory.getBean(AbstractBeanFactory.java:208) ~[spring-beans-5.3.23.jar:5.3.23]
	at org.springframework.context.support.AbstractApplicationContext.getBean(AbstractApplicationContext.java:1154) ~[spring-context-5.3.23.jar:5.3.23]
	at org.springframework.context.support.AbstractApplicationContext.finishBeanFactoryInitialization(AbstractApplicationContext.java:908) ~[spring-context-5.3.23.jar:5.3.23]
	at org.springframework.context.support.AbstractApplicationContext.refresh(AbstractApplicationContext.java:583) ~[spring-context-5.3.23.jar:5.3.23]
	at org.springframework.boot.web.servlet.context.ServletWebServerApplicationContext.refresh(ServletWebServerApplicationContext.java:147) ~[spring-boot-2.7.5.jar:2.7.5]
	at org.springframework.boot.SpringApplication.refresh(SpringApplication.java:734) ~[spring-boot-2.7.5.jar:2.7.5]
	at org.springframework.boot.SpringApplication.refreshContext(SpringApplication.java:408) ~[spring-boot-2.7.5.jar:2.7.5]
	at org.springframework.boot.SpringApplication.run(SpringApplication.java:308) ~[spring-boot-2.7.5.jar:2.7.5]
	at org.springframework.boot.SpringApplication.run(SpringApplication.java:1306) ~[spring-boot-2.7.5.jar:2.7.5]
	at org.springframework.boot.SpringApplication.run(SpringApplication.java:1295) ~[spring-boot-2.7.5.jar:2.7.5]
	at miniproject.bca.co.id.DailyExpenseManager.DailyExpenseManagerApplication.main(DailyExpenseManagerApplication.java:10) ~[classes/:na]
Caused by: org.hibernate.AnnotationException: No identifier specified for entity: miniproject.bca.co.id.DailyExpenseManager.model.Expense
	at org.hibernate.cfg.InheritanceState.determineDefaultAccessType(InheritanceState.java:266) ~[hibernate-core-5.6.12.Final.jar:5.6.12.Final]
	at org.hibernate.cfg.InheritanceState.getElementsToProcess(InheritanceState.java:211) ~[hibernate-core-5.6.12.Final.jar:5.6.12.Final]
	at org.hibernate.cfg.AnnotationBinder.bindClass(AnnotationBinder.java:772) ~[hibernate-core-5.6.12.Final.jar:5.6.12.Final]
	at org.hibernate.boot.model.source.internal.annotations.AnnotationMetadataSourceProcessorImpl.processEntityHierarchies(AnnotationMetadataSourceProcessorImpl.java:225) ~[hibernate-core-5.6.12.Final.jar:5.6.12.Final]
	at org.hibernate.boot.model.process.spi.MetadataBuildingProcess$1.processEntityHierarchies(MetadataBuildingProcess.java:239) ~[hibernate-core-5.6.12.Final.jar:5.6.12.Final]
	at org.hibernate.boot.model.process.spi.MetadataBuildingProcess.complete(MetadataBuildingProcess.java:282) ~[hibernate-core-5.6.12.Final.jar:5.6.12.Final]
	at org.hibernate.jpa.boot.internal.EntityManagerFactoryBuilderImpl.metadata(EntityManagerFactoryBuilderImpl.java:1460) ~[hibernate-core-5.6.12.Final.jar:5.6.12.Final]
	at org.hibernate.jpa.boot.internal.EntityManagerFactoryBuilderImpl.build(EntityManagerFactoryBuilderImpl.java:1494) ~[hibernate-core-5.6.12.Final.jar:5.6.12.Final]
	at org.springframework.orm.jpa.vendor.SpringHibernateJpaPersistenceProvider.createContainerEntityManagerFactory(SpringHibernateJpaPersistenceProvider.java:58) ~[spring-orm-5.3.23.jar:5.3.23]
	at org.springframework.orm.jpa.LocalContainerEntityManagerFactoryBean.createNativeEntityManagerFactory(LocalContainerEntityManagerFactoryBean.java:365) ~[spring-orm-5.3.23.jar:5.3.23]
	at org.springframework.orm.jpa.AbstractEntityManagerFactoryBean.buildNativeEntityManagerFactory(AbstractEntityManagerFactoryBean.java:409) ~[spring-orm-5.3.23.jar:5.3.23]
	at org.springframework.orm.jpa.AbstractEntityManagerFactoryBean.afterPropertiesSet(AbstractEntityManagerFactoryBean.java:396) ~[spring-orm-5.3.23.jar:5.3.23]
	at org.springframework.orm.jpa.LocalContainerEntityManagerFactoryBean.afterPropertiesSet(LocalContainerEntityManagerFactoryBean.java:341) ~[spring-orm-5.3.23.jar:5.3.23]
	at org.springframework.beans.factory.support.AbstractAutowireCapableBeanFactory.invokeInitMethods(AbstractAutowireCapableBeanFactory.java:1863) ~[spring-beans-5.3.23.jar:5.3.23]
	at org.springframework.beans.factory.support.AbstractAutowireCapableBeanFactory.initializeBean(AbstractAutowireCapableBeanFactory.java:1800) ~[spring-beans-5.3.23.jar:5.3.23]
	... 16 common frames omitted

2022-11-16 09:38:23.417  INFO 5624 --- [main] m.b.c.i.D.DailyExpenseManagerApplication : Starting DailyExpenseManagerApplication using Java 17.0.4.1 on DESKTOP-FLH9TBV with PID 5624 (D:\Codes\mini-project\DailyExpenseManager\target\classes started by GrimSkin in D:\Codes\mini-project\DailyExpenseManager)
2022-11-16 09:38:23.423  INFO 5624 --- [main] m.b.c.i.D.DailyExpenseManagerApplication : No active profile set, falling back to 1 default profile: "default"
2022-11-16 09:38:24.466  INFO 5624 --- [main] .s.d.r.c.RepositoryConfigurationDelegate : Bootstrapping Spring Data JPA repositories in DEFAULT mode.
2022-11-16 09:38:24.575  INFO 5624 --- [main] .s.d.r.c.RepositoryConfigurationDelegate : Finished Spring Data repository scanning in 93 ms. Found 4 JPA repository interfaces.
2022-11-16 09:38:25.503  INFO 5624 --- [main] o.s.b.w.embedded.tomcat.TomcatWebServer  : Tomcat initialized with port(s): 8080 (http)
2022-11-16 09:38:25.516  INFO 5624 --- [main] o.apache.catalina.core.StandardService   : Starting service [Tomcat]
2022-11-16 09:38:25.516  INFO 5624 --- [main] org.apache.catalina.core.StandardEngine  : Starting Servlet engine: [Apache Tomcat/9.0.68]
2022-11-16 09:38:25.701  INFO 5624 --- [main] o.a.c.c.C.[Tomcat].[localhost].[/]       : Initializing Spring embedded WebApplicationContext
2022-11-16 09:38:25.702  INFO 5624 --- [main] w.s.c.ServletWebServerApplicationContext : Root WebApplicationContext: initialization completed in 2185 ms
2022-11-16 09:38:26.024  INFO 5624 --- [main] com.zaxxer.hikari.HikariDataSource       : HikariPool-1 - Starting...
2022-11-16 09:38:26.268  INFO 5624 --- [main] com.zaxxer.hikari.HikariDataSource       : HikariPool-1 - Start completed.
2022-11-16 09:38:26.341  INFO 5624 --- [main] o.hibernate.jpa.internal.util.LogHelper  : HHH000204: Processing PersistenceUnitInfo [name: default]
2022-11-16 09:38:26.441  INFO 5624 --- [main] org.hibernate.Version                    : HHH000412: Hibernate ORM core version 5.6.12.Final
2022-11-16 09:38:26.713  INFO 5624 --- [main] o.hibernate.annotations.common.Version   : HCANN000001: Hibernate Commons Annotations {5.1.2.Final}
2022-11-16 09:38:26.895  INFO 5624 --- [main] org.hibernate.dialect.Dialect            : HHH000400: Using dialect: org.hibernate.dialect.MySQL55Dialect
2022-11-16 09:38:27.691  INFO 5624 --- [main] o.h.e.t.j.p.i.JtaPlatformInitiator       : HHH000490: Using JtaPlatform implementation: [org.hibernate.engine.transaction.jta.platform.internal.NoJtaPlatform]
2022-11-16 09:38:27.700  INFO 5624 --- [main] j.LocalContainerEntityManagerFactoryBean : Initialized JPA EntityManagerFactory for persistence unit 'default'
2022-11-16 09:38:27.949  WARN 5624 --- [main] ConfigServletWebServerApplicationContext : Exception encountered during context initialization - cancelling refresh attempt: org.springframework.beans.factory.UnsatisfiedDependencyException: Error creating bean with name 'expenseController': Unsatisfied dependency expressed through field 'expenseRepository'; nested exception is org.springframework.beans.factory.BeanCreationException: Error creating bean with name 'expenseRepository' defined in miniproject.bca.co.id.DailyExpenseManager.repository.ExpenseRepository defined in @EnableJpaRepositories declared on JpaRepositoriesRegistrar.EnableJpaRepositoriesConfiguration: Invocation of init method failed; nested exception is java.lang.IllegalArgumentException: Not a managed type: class java.lang.Object
2022-11-16 09:38:27.949  INFO 5624 --- [main] j.LocalContainerEntityManagerFactoryBean : Closing JPA EntityManagerFactory for persistence unit 'default'
2022-11-16 09:38:27.954  INFO 5624 --- [main] com.zaxxer.hikari.HikariDataSource       : HikariPool-1 - Shutdown initiated...
2022-11-16 09:38:27.972  INFO 5624 --- [main] com.zaxxer.hikari.HikariDataSource       : HikariPool-1 - Shutdown completed.
2022-11-16 09:38:27.976  INFO 5624 --- [main] o.apache.catalina.core.StandardService   : Stopping service [Tomcat]
2022-11-16 09:38:27.991  INFO 5624 --- [main] ConditionEvaluationReportLoggingListener : 

Error starting ApplicationContext. To display the conditions report re-run your application with 'debug' enabled.
2022-11-16 09:38:28.019 ERROR 5624 --- [main] o.s.boot.SpringApplication               : Application run failed

org.springframework.beans.factory.UnsatisfiedDependencyException: Error creating bean with name 'expenseController': Unsatisfied dependency expressed through field 'expenseRepository'; nested exception is org.springframework.beans.factory.BeanCreationException: Error creating bean with name 'expenseRepository' defined in miniproject.bca.co.id.DailyExpenseManager.repository.ExpenseRepository defined in @EnableJpaRepositories declared on JpaRepositoriesRegistrar.EnableJpaRepositoriesConfiguration: Invocation of init method failed; nested exception is java.lang.IllegalArgumentException: Not a managed type: class java.lang.Object
	at org.springframework.beans.factory.annotation.AutowiredAnnotationBeanPostProcessor$AutowiredFieldElement.resolveFieldValue(AutowiredAnnotationBeanPostProcessor.java:659) ~[spring-beans-5.3.23.jar:5.3.23]
	at org.springframework.beans.factory.annotation.AutowiredAnnotationBeanPostProcessor$AutowiredFieldElement.inject(AutowiredAnnotationBeanPostProcessor.java:639) ~[spring-beans-5.3.23.jar:5.3.23]
	at org.springframework.beans.factory.annotation.InjectionMetadata.inject(InjectionMetadata.java:119) ~[spring-beans-5.3.23.jar:5.3.23]
	at org.springframework.beans.factory.annotation.AutowiredAnnotationBeanPostProcessor.postProcessProperties(AutowiredAnnotationBeanPostProcessor.java:399) ~[spring-beans-5.3.23.jar:5.3.23]
	at org.springframework.beans.factory.support.AbstractAutowireCapableBeanFactory.populateBean(AbstractAutowireCapableBeanFactory.java:1431) ~[spring-beans-5.3.23.jar:5.3.23]
	at org.springframework.beans.factory.support.AbstractAutowireCapableBeanFactory.doCreateBean(AbstractAutowireCapableBeanFactory.java:619) ~[spring-beans-5.3.23.jar:5.3.23]
	at org.springframework.beans.factory.support.AbstractAutowireCapableBeanFactory.createBean(AbstractAutowireCapableBeanFactory.java:542) ~[spring-beans-5.3.23.jar:5.3.23]
	at org.springframework.beans.factory.support.AbstractBeanFactory.lambda$doGetBean$0(AbstractBeanFactory.java:335) ~[spring-beans-5.3.23.jar:5.3.23]
	at org.springframework.beans.factory.support.DefaultSingletonBeanRegistry.getSingleton(DefaultSingletonBeanRegistry.java:234) ~[spring-beans-5.3.23.jar:5.3.23]
	at org.springframework.beans.factory.support.AbstractBeanFactory.doGetBean(AbstractBeanFactory.java:333) ~[spring-beans-5.3.23.jar:5.3.23]
	at org.springframework.beans.factory.support.AbstractBeanFactory.getBean(AbstractBeanFactory.java:208) ~[spring-beans-5.3.23.jar:5.3.23]
	at org.springframework.beans.factory.support.DefaultListableBeanFactory.preInstantiateSingletons(DefaultListableBeanFactory.java:955) ~[spring-beans-5.3.23.jar:5.3.23]
	at org.springframework.context.support.AbstractApplicationContext.finishBeanFactoryInitialization(AbstractApplicationContext.java:918) ~[spring-context-5.3.23.jar:5.3.23]
	at org.springframework.context.support.AbstractApplicationContext.refresh(AbstractApplicationContext.java:583) ~[spring-context-5.3.23.jar:5.3.23]
	at org.springframework.boot.web.servlet.context.ServletWebServerApplicationContext.refresh(ServletWebServerApplicationContext.java:147) ~[spring-boot-2.7.5.jar:2.7.5]
	at org.springframework.boot.SpringApplication.refresh(SpringApplication.java:734) ~[spring-boot-2.7.5.jar:2.7.5]
	at org.springframework.boot.SpringApplication.refreshContext(SpringApplication.java:408) ~[spring-boot-2.7.5.jar:2.7.5]
	at org.springframework.boot.SpringApplication.run(SpringApplication.java:308) ~[spring-boot-2.7.5.jar:2.7.5]
	at org.springframework.boot.SpringApplication.run(SpringApplication.java:1306) ~[spring-boot-2.7.5.jar:2.7.5]
	at org.springframework.boot.SpringApplication.run(SpringApplication.java:1295) ~[spring-boot-2.7.5.jar:2.7.5]
	at miniproject.bca.co.id.DailyExpenseManager.DailyExpenseManagerApplication.main(DailyExpenseManagerApplication.java:10) ~[classes/:na]
Caused by: org.springframework.beans.factory.BeanCreationException: Error creating bean with name 'expenseRepository' defined in miniproject.bca.co.id.DailyExpenseManager.repository.ExpenseRepository defined in @EnableJpaRepositories declared on JpaRepositoriesRegistrar.EnableJpaRepositoriesConfiguration: Invocation of init method failed; nested exception is java.lang.IllegalArgumentException: Not a managed type: class java.lang.Object
	at org.springframework.beans.factory.support.AbstractAutowireCapableBeanFactory.initializeBean(AbstractAutowireCapableBeanFactory.java:1804) ~[spring-beans-5.3.23.jar:5.3.23]
	at org.springframework.beans.factory.support.AbstractAutowireCapableBeanFactory.doCreateBean(AbstractAutowireCapableBeanFactory.java:620) ~[spring-beans-5.3.23.jar:5.3.23]
	at org.springframework.beans.factory.support.AbstractAutowireCapableBeanFactory.createBean(AbstractAutowireCapableBeanFactory.java:542) ~[spring-beans-5.3.23.jar:5.3.23]
	at org.springframework.beans.factory.support.AbstractBeanFactory.lambda$doGetBean$0(AbstractBeanFactory.java:335) ~[spring-beans-5.3.23.jar:5.3.23]
	at org.springframework.beans.factory.support.DefaultSingletonBeanRegistry.getSingleton(DefaultSingletonBeanRegistry.java:234) ~[spring-beans-5.3.23.jar:5.3.23]
	at org.springframework.beans.factory.support.AbstractBeanFactory.doGetBean(AbstractBeanFactory.java:333) ~[spring-beans-5.3.23.jar:5.3.23]
	at org.springframework.beans.factory.support.AbstractBeanFactory.getBean(AbstractBeanFactory.java:208) ~[spring-beans-5.3.23.jar:5.3.23]
	at org.springframework.beans.factory.config.DependencyDescriptor.resolveCandidate(DependencyDescriptor.java:276) ~[spring-beans-5.3.23.jar:5.3.23]
	at org.springframework.beans.factory.support.DefaultListableBeanFactory.doResolveDependency(DefaultListableBeanFactory.java:1391) ~[spring-beans-5.3.23.jar:5.3.23]
	at org.springframework.beans.factory.support.DefaultListableBeanFactory.resolveDependency(DefaultListableBeanFactory.java:1311) ~[spring-beans-5.3.23.jar:5.3.23]
	at org.springframework.beans.factory.annotation.AutowiredAnnotationBeanPostProcessor$AutowiredFieldElement.resolveFieldValue(AutowiredAnnotationBeanPostProcessor.java:656) ~[spring-beans-5.3.23.jar:5.3.23]
	... 20 common frames omitted
Caused by: java.lang.IllegalArgumentException: Not a managed type: class java.lang.Object
	at org.hibernate.metamodel.internal.MetamodelImpl.managedType(MetamodelImpl.java:583) ~[hibernate-core-5.6.12.Final.jar:5.6.12.Final]
	at org.hibernate.metamodel.internal.MetamodelImpl.managedType(MetamodelImpl.java:85) ~[hibernate-core-5.6.12.Final.jar:5.6.12.Final]
	at org.springframework.data.jpa.repository.support.JpaMetamodelEntityInformation.<init>(JpaMetamodelEntityInformation.java:75) ~[spring-data-jpa-2.7.5.jar:2.7.5]
	at org.springframework.data.jpa.repository.support.JpaEntityInformationSupport.getEntityInformation(JpaEntityInformationSupport.java:66) ~[spring-data-jpa-2.7.5.jar:2.7.5]
	at org.springframework.data.jpa.repository.support.JpaRepositoryFactory.getEntityInformation(JpaRepositoryFactory.java:233) ~[spring-data-jpa-2.7.5.jar:2.7.5]
	at org.springframework.data.jpa.repository.support.JpaRepositoryFactory.getTargetRepository(JpaRepositoryFactory.java:182) ~[spring-data-jpa-2.7.5.jar:2.7.5]
	at org.springframework.data.jpa.repository.support.JpaRepositoryFactory.getTargetRepository(JpaRepositoryFactory.java:165) ~[spring-data-jpa-2.7.5.jar:2.7.5]
	at org.springframework.data.jpa.repository.support.JpaRepositoryFactory.getTargetRepository(JpaRepositoryFactory.java:76) ~[spring-data-jpa-2.7.5.jar:2.7.5]
	at org.springframework.data.repository.core.support.RepositoryFactorySupport.getRepository(RepositoryFactorySupport.java:325) ~[spring-data-commons-2.7.5.jar:2.7.5]
	at org.springframework.data.repository.core.support.RepositoryFactoryBeanSupport.lambda$afterPropertiesSet$5(RepositoryFactoryBeanSupport.java:323) ~[spring-data-commons-2.7.5.jar:2.7.5]
	at org.springframework.data.util.Lazy.getNullable(Lazy.java:231) ~[spring-data-commons-2.7.5.jar:2.7.5]
	at org.springframework.data.util.Lazy.get(Lazy.java:115) ~[spring-data-commons-2.7.5.jar:2.7.5]
	at org.springframework.data.repository.core.support.RepositoryFactoryBeanSupport.afterPropertiesSet(RepositoryFactoryBeanSupport.java:329) ~[spring-data-commons-2.7.5.jar:2.7.5]
	at org.springframework.data.jpa.repository.support.JpaRepositoryFactoryBean.afterPropertiesSet(JpaRepositoryFactoryBean.java:144) ~[spring-data-jpa-2.7.5.jar:2.7.5]
	at org.springframework.beans.factory.support.AbstractAutowireCapableBeanFactory.invokeInitMethods(AbstractAutowireCapableBeanFactory.java:1863) ~[spring-beans-5.3.23.jar:5.3.23]
	at org.springframework.beans.factory.support.AbstractAutowireCapableBeanFactory.initializeBean(AbstractAutowireCapableBeanFactory.java:1800) ~[spring-beans-5.3.23.jar:5.3.23]
	... 30 common frames omitted

2022-11-16 09:39:56.756  INFO 10184 --- [main] m.b.c.i.D.DailyExpenseManagerApplication : Starting DailyExpenseManagerApplication using Java 17.0.4.1 on DESKTOP-FLH9TBV with PID 10184 (D:\Codes\mini-project\DailyExpenseManager\target\classes started by GrimSkin in D:\Codes\mini-project\DailyExpenseManager)
2022-11-16 09:39:56.760  INFO 10184 --- [main] m.b.c.i.D.DailyExpenseManagerApplication : No active profile set, falling back to 1 default profile: "default"
2022-11-16 09:39:57.782  INFO 10184 --- [main] .s.d.r.c.RepositoryConfigurationDelegate : Bootstrapping Spring Data JPA repositories in DEFAULT mode.
2022-11-16 09:39:57.891  INFO 10184 --- [main] .s.d.r.c.RepositoryConfigurationDelegate : Finished Spring Data repository scanning in 96 ms. Found 4 JPA repository interfaces.
2022-11-16 09:39:58.842  INFO 10184 --- [main] o.s.b.w.embedded.tomcat.TomcatWebServer  : Tomcat initialized with port(s): 8080 (http)
2022-11-16 09:39:58.859  INFO 10184 --- [main] o.apache.catalina.core.StandardService   : Starting service [Tomcat]
2022-11-16 09:39:58.860  INFO 10184 --- [main] org.apache.catalina.core.StandardEngine  : Starting Servlet engine: [Apache Tomcat/9.0.68]
2022-11-16 09:39:59.021  INFO 10184 --- [main] o.a.c.c.C.[Tomcat].[localhost].[/]       : Initializing Spring embedded WebApplicationContext
2022-11-16 09:39:59.022  INFO 10184 --- [main] w.s.c.ServletWebServerApplicationContext : Root WebApplicationContext: initialization completed in 2170 ms
2022-11-16 09:39:59.304  INFO 10184 --- [main] com.zaxxer.hikari.HikariDataSource       : HikariPool-1 - Starting...
2022-11-16 09:39:59.494  INFO 10184 --- [main] com.zaxxer.hikari.HikariDataSource       : HikariPool-1 - Start completed.
2022-11-16 09:39:59.576  INFO 10184 --- [main] o.hibernate.jpa.internal.util.LogHelper  : HHH000204: Processing PersistenceUnitInfo [name: default]
2022-11-16 09:39:59.667  INFO 10184 --- [main] org.hibernate.Version                    : HHH000412: Hibernate ORM core version 5.6.12.Final
2022-11-16 09:39:59.928  INFO 10184 --- [main] o.hibernate.annotations.common.Version   : HCANN000001: Hibernate Commons Annotations {5.1.2.Final}
2022-11-16 09:40:00.120  INFO 10184 --- [main] org.hibernate.dialect.Dialect            : HHH000400: Using dialect: org.hibernate.dialect.MySQL55Dialect
2022-11-16 09:40:00.880  INFO 10184 --- [main] o.h.e.t.j.p.i.JtaPlatformInitiator       : HHH000490: Using JtaPlatform implementation: [org.hibernate.engine.transaction.jta.platform.internal.NoJtaPlatform]
2022-11-16 09:40:00.893  INFO 10184 --- [main] j.LocalContainerEntityManagerFactoryBean : Initialized JPA EntityManagerFactory for persistence unit 'default'
2022-11-16 09:40:01.175  WARN 10184 --- [main] ConfigServletWebServerApplicationContext : Exception encountered during context initialization - cancelling refresh attempt: org.springframework.beans.factory.UnsatisfiedDependencyException: Error creating bean with name 'expenseController': Unsatisfied dependency expressed through field 'expenseRepository'; nested exception is org.springframework.beans.factory.BeanCreationException: Error creating bean with name 'expenseRepository' defined in miniproject.bca.co.id.DailyExpenseManager.repository.ExpenseRepository defined in @EnableJpaRepositories declared on JpaRepositoriesRegistrar.EnableJpaRepositoriesConfiguration: Invocation of init method failed; nested exception is java.lang.IllegalArgumentException: Not a managed type: class java.lang.Object
2022-11-16 09:40:01.175  INFO 10184 --- [main] j.LocalContainerEntityManagerFactoryBean : Closing JPA EntityManagerFactory for persistence unit 'default'
2022-11-16 09:40:01.178  INFO 10184 --- [main] com.zaxxer.hikari.HikariDataSource       : HikariPool-1 - Shutdown initiated...
2022-11-16 09:40:01.191  INFO 10184 --- [main] com.zaxxer.hikari.HikariDataSource       : HikariPool-1 - Shutdown completed.
2022-11-16 09:40:01.194  INFO 10184 --- [main] o.apache.catalina.core.StandardService   : Stopping service [Tomcat]
2022-11-16 09:40:01.207  INFO 10184 --- [main] ConditionEvaluationReportLoggingListener : 

Error starting ApplicationContext. To display the conditions report re-run your application with 'debug' enabled.
2022-11-16 09:40:01.236 ERROR 10184 --- [main] o.s.boot.SpringApplication               : Application run failed

org.springframework.beans.factory.UnsatisfiedDependencyException: Error creating bean with name 'expenseController': Unsatisfied dependency expressed through field 'expenseRepository'; nested exception is org.springframework.beans.factory.BeanCreationException: Error creating bean with name 'expenseRepository' defined in miniproject.bca.co.id.DailyExpenseManager.repository.ExpenseRepository defined in @EnableJpaRepositories declared on JpaRepositoriesRegistrar.EnableJpaRepositoriesConfiguration: Invocation of init method failed; nested exception is java.lang.IllegalArgumentException: Not a managed type: class java.lang.Object
	at org.springframework.beans.factory.annotation.AutowiredAnnotationBeanPostProcessor$AutowiredFieldElement.resolveFieldValue(AutowiredAnnotationBeanPostProcessor.java:659) ~[spring-beans-5.3.23.jar:5.3.23]
	at org.springframework.beans.factory.annotation.AutowiredAnnotationBeanPostProcessor$AutowiredFieldElement.inject(AutowiredAnnotationBeanPostProcessor.java:639) ~[spring-beans-5.3.23.jar:5.3.23]
	at org.springframework.beans.factory.annotation.InjectionMetadata.inject(InjectionMetadata.java:119) ~[spring-beans-5.3.23.jar:5.3.23]
	at org.springframework.beans.factory.annotation.AutowiredAnnotationBeanPostProcessor.postProcessProperties(AutowiredAnnotationBeanPostProcessor.java:399) ~[spring-beans-5.3.23.jar:5.3.23]
	at org.springframework.beans.factory.support.AbstractAutowireCapableBeanFactory.populateBean(AbstractAutowireCapableBeanFactory.java:1431) ~[spring-beans-5.3.23.jar:5.3.23]
	at org.springframework.beans.factory.support.AbstractAutowireCapableBeanFactory.doCreateBean(AbstractAutowireCapableBeanFactory.java:619) ~[spring-beans-5.3.23.jar:5.3.23]
	at org.springframework.beans.factory.support.AbstractAutowireCapableBeanFactory.createBean(AbstractAutowireCapableBeanFactory.java:542) ~[spring-beans-5.3.23.jar:5.3.23]
	at org.springframework.beans.factory.support.AbstractBeanFactory.lambda$doGetBean$0(AbstractBeanFactory.java:335) ~[spring-beans-5.3.23.jar:5.3.23]
	at org.springframework.beans.factory.support.DefaultSingletonBeanRegistry.getSingleton(DefaultSingletonBeanRegistry.java:234) ~[spring-beans-5.3.23.jar:5.3.23]
	at org.springframework.beans.factory.support.AbstractBeanFactory.doGetBean(AbstractBeanFactory.java:333) ~[spring-beans-5.3.23.jar:5.3.23]
	at org.springframework.beans.factory.support.AbstractBeanFactory.getBean(AbstractBeanFactory.java:208) ~[spring-beans-5.3.23.jar:5.3.23]
	at org.springframework.beans.factory.support.DefaultListableBeanFactory.preInstantiateSingletons(DefaultListableBeanFactory.java:955) ~[spring-beans-5.3.23.jar:5.3.23]
	at org.springframework.context.support.AbstractApplicationContext.finishBeanFactoryInitialization(AbstractApplicationContext.java:918) ~[spring-context-5.3.23.jar:5.3.23]
	at org.springframework.context.support.AbstractApplicationContext.refresh(AbstractApplicationContext.java:583) ~[spring-context-5.3.23.jar:5.3.23]
	at org.springframework.boot.web.servlet.context.ServletWebServerApplicationContext.refresh(ServletWebServerApplicationContext.java:147) ~[spring-boot-2.7.5.jar:2.7.5]
	at org.springframework.boot.SpringApplication.refresh(SpringApplication.java:734) ~[spring-boot-2.7.5.jar:2.7.5]
	at org.springframework.boot.SpringApplication.refreshContext(SpringApplication.java:408) ~[spring-boot-2.7.5.jar:2.7.5]
	at org.springframework.boot.SpringApplication.run(SpringApplication.java:308) ~[spring-boot-2.7.5.jar:2.7.5]
	at org.springframework.boot.SpringApplication.run(SpringApplication.java:1306) ~[spring-boot-2.7.5.jar:2.7.5]
	at org.springframework.boot.SpringApplication.run(SpringApplication.java:1295) ~[spring-boot-2.7.5.jar:2.7.5]
	at miniproject.bca.co.id.DailyExpenseManager.DailyExpenseManagerApplication.main(DailyExpenseManagerApplication.java:10) ~[classes/:na]
Caused by: org.springframework.beans.factory.BeanCreationException: Error creating bean with name 'expenseRepository' defined in miniproject.bca.co.id.DailyExpenseManager.repository.ExpenseRepository defined in @EnableJpaRepositories declared on JpaRepositoriesRegistrar.EnableJpaRepositoriesConfiguration: Invocation of init method failed; nested exception is java.lang.IllegalArgumentException: Not a managed type: class java.lang.Object
	at org.springframework.beans.factory.support.AbstractAutowireCapableBeanFactory.initializeBean(AbstractAutowireCapableBeanFactory.java:1804) ~[spring-beans-5.3.23.jar:5.3.23]
	at org.springframework.beans.factory.support.AbstractAutowireCapableBeanFactory.doCreateBean(AbstractAutowireCapableBeanFactory.java:620) ~[spring-beans-5.3.23.jar:5.3.23]
	at org.springframework.beans.factory.support.AbstractAutowireCapableBeanFactory.createBean(AbstractAutowireCapableBeanFactory.java:542) ~[spring-beans-5.3.23.jar:5.3.23]
	at org.springframework.beans.factory.support.AbstractBeanFactory.lambda$doGetBean$0(AbstractBeanFactory.java:335) ~[spring-beans-5.3.23.jar:5.3.23]
	at org.springframework.beans.factory.support.DefaultSingletonBeanRegistry.getSingleton(DefaultSingletonBeanRegistry.java:234) ~[spring-beans-5.3.23.jar:5.3.23]
	at org.springframework.beans.factory.support.AbstractBeanFactory.doGetBean(AbstractBeanFactory.java:333) ~[spring-beans-5.3.23.jar:5.3.23]
	at org.springframework.beans.factory.support.AbstractBeanFactory.getBean(AbstractBeanFactory.java:208) ~[spring-beans-5.3.23.jar:5.3.23]
	at org.springframework.beans.factory.config.DependencyDescriptor.resolveCandidate(DependencyDescriptor.java:276) ~[spring-beans-5.3.23.jar:5.3.23]
	at org.springframework.beans.factory.support.DefaultListableBeanFactory.doResolveDependency(DefaultListableBeanFactory.java:1391) ~[spring-beans-5.3.23.jar:5.3.23]
	at org.springframework.beans.factory.support.DefaultListableBeanFactory.resolveDependency(DefaultListableBeanFactory.java:1311) ~[spring-beans-5.3.23.jar:5.3.23]
	at org.springframework.beans.factory.annotation.AutowiredAnnotationBeanPostProcessor$AutowiredFieldElement.resolveFieldValue(AutowiredAnnotationBeanPostProcessor.java:656) ~[spring-beans-5.3.23.jar:5.3.23]
	... 20 common frames omitted
Caused by: java.lang.IllegalArgumentException: Not a managed type: class java.lang.Object
	at org.hibernate.metamodel.internal.MetamodelImpl.managedType(MetamodelImpl.java:583) ~[hibernate-core-5.6.12.Final.jar:5.6.12.Final]
	at org.hibernate.metamodel.internal.MetamodelImpl.managedType(MetamodelImpl.java:85) ~[hibernate-core-5.6.12.Final.jar:5.6.12.Final]
	at org.springframework.data.jpa.repository.support.JpaMetamodelEntityInformation.<init>(JpaMetamodelEntityInformation.java:75) ~[spring-data-jpa-2.7.5.jar:2.7.5]
	at org.springframework.data.jpa.repository.support.JpaEntityInformationSupport.getEntityInformation(JpaEntityInformationSupport.java:66) ~[spring-data-jpa-2.7.5.jar:2.7.5]
	at org.springframework.data.jpa.repository.support.JpaRepositoryFactory.getEntityInformation(JpaRepositoryFactory.java:233) ~[spring-data-jpa-2.7.5.jar:2.7.5]
	at org.springframework.data.jpa.repository.support.JpaRepositoryFactory.getTargetRepository(JpaRepositoryFactory.java:182) ~[spring-data-jpa-2.7.5.jar:2.7.5]
	at org.springframework.data.jpa.repository.support.JpaRepositoryFactory.getTargetRepository(JpaRepositoryFactory.java:165) ~[spring-data-jpa-2.7.5.jar:2.7.5]
	at org.springframework.data.jpa.repository.support.JpaRepositoryFactory.getTargetRepository(JpaRepositoryFactory.java:76) ~[spring-data-jpa-2.7.5.jar:2.7.5]
	at org.springframework.data.repository.core.support.RepositoryFactorySupport.getRepository(RepositoryFactorySupport.java:325) ~[spring-data-commons-2.7.5.jar:2.7.5]
	at org.springframework.data.repository.core.support.RepositoryFactoryBeanSupport.lambda$afterPropertiesSet$5(RepositoryFactoryBeanSupport.java:323) ~[spring-data-commons-2.7.5.jar:2.7.5]
	at org.springframework.data.util.Lazy.getNullable(Lazy.java:231) ~[spring-data-commons-2.7.5.jar:2.7.5]
	at org.springframework.data.util.Lazy.get(Lazy.java:115) ~[spring-data-commons-2.7.5.jar:2.7.5]
	at org.springframework.data.repository.core.support.RepositoryFactoryBeanSupport.afterPropertiesSet(RepositoryFactoryBeanSupport.java:329) ~[spring-data-commons-2.7.5.jar:2.7.5]
	at org.springframework.data.jpa.repository.support.JpaRepositoryFactoryBean.afterPropertiesSet(JpaRepositoryFactoryBean.java:144) ~[spring-data-jpa-2.7.5.jar:2.7.5]
	at org.springframework.beans.factory.support.AbstractAutowireCapableBeanFactory.invokeInitMethods(AbstractAutowireCapableBeanFactory.java:1863) ~[spring-beans-5.3.23.jar:5.3.23]
	at org.springframework.beans.factory.support.AbstractAutowireCapableBeanFactory.initializeBean(AbstractAutowireCapableBeanFactory.java:1800) ~[spring-beans-5.3.23.jar:5.3.23]
	... 30 common frames omitted

2022-11-16 09:40:38.676  INFO 17908 --- [main] m.b.c.i.D.DailyExpenseManagerApplication : Starting DailyExpenseManagerApplication using Java 17.0.4.1 on DESKTOP-FLH9TBV with PID 17908 (D:\Codes\mini-project\DailyExpenseManager\target\classes started by GrimSkin in D:\Codes\mini-project\DailyExpenseManager)
2022-11-16 09:40:38.680  INFO 17908 --- [main] m.b.c.i.D.DailyExpenseManagerApplication : No active profile set, falling back to 1 default profile: "default"
2022-11-16 09:40:39.741  INFO 17908 --- [main] .s.d.r.c.RepositoryConfigurationDelegate : Bootstrapping Spring Data JPA repositories in DEFAULT mode.
2022-11-16 09:40:39.857  INFO 17908 --- [main] .s.d.r.c.RepositoryConfigurationDelegate : Finished Spring Data repository scanning in 103 ms. Found 4 JPA repository interfaces.
2022-11-16 09:40:40.810  INFO 17908 --- [main] o.s.b.w.embedded.tomcat.TomcatWebServer  : Tomcat initialized with port(s): 8080 (http)
2022-11-16 09:40:40.831  INFO 17908 --- [main] o.apache.catalina.core.StandardService   : Starting service [Tomcat]
2022-11-16 09:40:40.832  INFO 17908 --- [main] org.apache.catalina.core.StandardEngine  : Starting Servlet engine: [Apache Tomcat/9.0.68]
2022-11-16 09:40:41.004  INFO 17908 --- [main] o.a.c.c.C.[Tomcat].[localhost].[/]       : Initializing Spring embedded WebApplicationContext
2022-11-16 09:40:41.004  INFO 17908 --- [main] w.s.c.ServletWebServerApplicationContext : Root WebApplicationContext: initialization completed in 2240 ms
2022-11-16 09:40:41.283  INFO 17908 --- [main] com.zaxxer.hikari.HikariDataSource       : HikariPool-1 - Starting...
2022-11-16 09:40:41.495  INFO 17908 --- [main] com.zaxxer.hikari.HikariDataSource       : HikariPool-1 - Start completed.
2022-11-16 09:40:41.575  INFO 17908 --- [main] o.hibernate.jpa.internal.util.LogHelper  : HHH000204: Processing PersistenceUnitInfo [name: default]
2022-11-16 09:40:41.687  INFO 17908 --- [main] org.hibernate.Version                    : HHH000412: Hibernate ORM core version 5.6.12.Final
2022-11-16 09:40:41.957  INFO 17908 --- [main] o.hibernate.annotations.common.Version   : HCANN000001: Hibernate Commons Annotations {5.1.2.Final}
2022-11-16 09:40:42.122  INFO 17908 --- [main] org.hibernate.dialect.Dialect            : HHH000400: Using dialect: org.hibernate.dialect.MySQL55Dialect
2022-11-16 09:40:42.910  INFO 17908 --- [main] o.h.e.t.j.p.i.JtaPlatformInitiator       : HHH000490: Using JtaPlatform implementation: [org.hibernate.engine.transaction.jta.platform.internal.NoJtaPlatform]
2022-11-16 09:40:42.922  INFO 17908 --- [main] j.LocalContainerEntityManagerFactoryBean : Initialized JPA EntityManagerFactory for persistence unit 'default'
2022-11-16 09:40:43.695  WARN 17908 --- [main] JpaBaseConfiguration$JpaWebConfiguration : spring.jpa.open-in-view is enabled by default. Therefore, database queries may be performed during view rendering. Explicitly configure spring.jpa.open-in-view to disable this warning
2022-11-16 09:40:43.972  INFO 17908 --- [main] o.s.s.web.DefaultSecurityFilterChain     : Will secure any request with [org.springframework.security.web.session.DisableEncodeUrlFilter@6c8d638a, org.springframework.security.web.context.request.async.WebAsyncManagerIntegrationFilter@117069f2, org.springframework.security.web.context.SecurityContextPersistenceFilter@1f3aa970, org.springframework.security.web.header.HeaderWriterFilter@5cdc8499, org.springframework.security.web.authentication.logout.LogoutFilter@42f2cae8, org.springframework.security.web.authentication.UsernamePasswordAuthenticationFilter@34ede267, org.springframework.security.web.authentication.ui.DefaultLoginPageGeneratingFilter@1ad9d5be, org.springframework.security.web.authentication.ui.DefaultLogoutPageGeneratingFilter@77ebc9e6, org.springframework.security.web.authentication.www.BasicAuthenticationFilter@56976b8b, org.springframework.security.web.savedrequest.RequestCacheAwareFilter@40c6d1ef, org.springframework.security.web.servletapi.SecurityContextHolderAwareRequestFilter@1c5cd2ea, org.springframework.security.web.authentication.AnonymousAuthenticationFilter@2b82018, org.springframework.security.web.session.SessionManagementFilter@73d7d676, org.springframework.security.web.access.ExceptionTranslationFilter@42536da6, org.springframework.security.web.access.intercept.AuthorizationFilter@96dfcbb]
2022-11-16 09:40:44.257  INFO 17908 --- [main] o.s.b.w.embedded.tomcat.TomcatWebServer  : Tomcat started on port(s): 8080 (http) with context path ''
2022-11-16 09:40:44.267  INFO 17908 --- [main] m.b.c.i.D.DailyExpenseManagerApplication : Started DailyExpenseManagerApplication in 6.238 seconds (JVM running for 6.851)
2022-11-16 09:44:41.098  INFO 17908 --- [http-nio-8080-exec-1] o.a.c.c.C.[Tomcat].[localhost].[/]       : Initializing Spring DispatcherServlet 'dispatcherServlet'
2022-11-16 09:44:41.099  INFO 17908 --- [http-nio-8080-exec-1] o.s.web.servlet.DispatcherServlet        : Initializing Servlet 'dispatcherServlet'
2022-11-16 09:44:41.100  INFO 17908 --- [http-nio-8080-exec-1] o.s.web.servlet.DispatcherServlet        : Completed initialization in 1 ms
2022-11-16 09:45:45.406  INFO 17908 --- [SpringApplicationShutdownHook] j.LocalContainerEntityManagerFactoryBean : Closing JPA EntityManagerFactory for persistence unit 'default'
2022-11-16 09:45:45.408  INFO 17908 --- [SpringApplicationShutdownHook] com.zaxxer.hikari.HikariDataSource       : HikariPool-1 - Shutdown initiated...
2022-11-16 09:45:45.418  INFO 17908 --- [SpringApplicationShutdownHook] com.zaxxer.hikari.HikariDataSource       : HikariPool-1 - Shutdown completed.
2022-11-16 09:45:49.554  INFO 18268 --- [main] m.b.c.i.D.DailyExpenseManagerApplication : Starting DailyExpenseManagerApplication using Java 17.0.4.1 on DESKTOP-FLH9TBV with PID 18268 (D:\Codes\mini-project\DailyExpenseManager\target\classes started by GrimSkin in D:\Codes\mini-project\DailyExpenseManager)
2022-11-16 09:45:49.557  INFO 18268 --- [main] m.b.c.i.D.DailyExpenseManagerApplication : No active profile set, falling back to 1 default profile: "default"
2022-11-16 09:45:50.231  INFO 18268 --- [main] .s.d.r.c.RepositoryConfigurationDelegate : Bootstrapping Spring Data JPA repositories in DEFAULT mode.
2022-11-16 09:45:50.296  INFO 18268 --- [main] .s.d.r.c.RepositoryConfigurationDelegate : Finished Spring Data repository scanning in 56 ms. Found 4 JPA repository interfaces.
2022-11-16 09:45:50.969  INFO 18268 --- [main] o.s.b.w.embedded.tomcat.TomcatWebServer  : Tomcat initialized with port(s): 8080 (http)
2022-11-16 09:45:50.980  INFO 18268 --- [main] o.apache.catalina.core.StandardService   : Starting service [Tomcat]
2022-11-16 09:45:50.981  INFO 18268 --- [main] org.apache.catalina.core.StandardEngine  : Starting Servlet engine: [Apache Tomcat/9.0.68]
2022-11-16 09:45:51.102  INFO 18268 --- [main] o.a.c.c.C.[Tomcat].[localhost].[/]       : Initializing Spring embedded WebApplicationContext
2022-11-16 09:45:51.102  INFO 18268 --- [main] w.s.c.ServletWebServerApplicationContext : Root WebApplicationContext: initialization completed in 1492 ms
2022-11-16 09:45:51.288  INFO 18268 --- [main] com.zaxxer.hikari.HikariDataSource       : HikariPool-1 - Starting...
2022-11-16 09:45:51.445  INFO 18268 --- [main] com.zaxxer.hikari.HikariDataSource       : HikariPool-1 - Start completed.
2022-11-16 09:45:51.493  INFO 18268 --- [main] o.hibernate.jpa.internal.util.LogHelper  : HHH000204: Processing PersistenceUnitInfo [name: default]
2022-11-16 09:45:51.561  INFO 18268 --- [main] org.hibernate.Version                    : HHH000412: Hibernate ORM core version 5.6.12.Final
2022-11-16 09:45:51.765  INFO 18268 --- [main] o.hibernate.annotations.common.Version   : HCANN000001: Hibernate Commons Annotations {5.1.2.Final}
2022-11-16 09:45:51.899  INFO 18268 --- [main] org.hibernate.dialect.Dialect            : HHH000400: Using dialect: org.hibernate.dialect.MySQL55Dialect
2022-11-16 09:45:52.424  INFO 18268 --- [main] o.h.e.t.j.p.i.JtaPlatformInitiator       : HHH000490: Using JtaPlatform implementation: [org.hibernate.engine.transaction.jta.platform.internal.NoJtaPlatform]
2022-11-16 09:45:52.433  INFO 18268 --- [main] j.LocalContainerEntityManagerFactoryBean : Initialized JPA EntityManagerFactory for persistence unit 'default'
2022-11-16 09:45:52.974  WARN 18268 --- [main] JpaBaseConfiguration$JpaWebConfiguration : spring.jpa.open-in-view is enabled by default. Therefore, database queries may be performed during view rendering. Explicitly configure spring.jpa.open-in-view to disable this warning
2022-11-16 09:45:53.217  INFO 18268 --- [main] o.s.s.web.DefaultSecurityFilterChain     : Will secure any request with [org.springframework.security.web.session.DisableEncodeUrlFilter@3ccefe1b, org.springframework.security.web.context.request.async.WebAsyncManagerIntegrationFilter@a926db4, org.springframework.security.web.context.SecurityContextPersistenceFilter@615e7fe7, org.springframework.security.web.header.HeaderWriterFilter@77e1dacd, org.springframework.security.web.authentication.logout.LogoutFilter@11174bf, org.springframework.security.web.authentication.UsernamePasswordAuthenticationFilter@279ab15e, org.springframework.security.web.authentication.ui.DefaultLoginPageGeneratingFilter@34b462e0, org.springframework.security.web.authentication.ui.DefaultLogoutPageGeneratingFilter@51e0f2eb, org.springframework.security.web.authentication.www.BasicAuthenticationFilter@6b92a0d1, org.springframework.security.web.savedrequest.RequestCacheAwareFilter@403cff1c, org.springframework.security.web.servletapi.SecurityContextHolderAwareRequestFilter@56976b8b, org.springframework.security.web.authentication.AnonymousAuthenticationFilter@7a51dc38, org.springframework.security.web.session.SessionManagementFilter@1c5d376c, org.springframework.security.web.access.ExceptionTranslationFilter@7a71ebf1, org.springframework.security.web.access.intercept.AuthorizationFilter@476a2819]
2022-11-16 09:45:53.432  INFO 18268 --- [main] o.s.b.w.embedded.tomcat.TomcatWebServer  : Tomcat started on port(s): 8080 (http) with context path ''
2022-11-16 09:45:53.442  INFO 18268 --- [main] m.b.c.i.D.DailyExpenseManagerApplication : Started DailyExpenseManagerApplication in 4.315 seconds (JVM running for 4.747)
2022-11-16 09:51:52.541  INFO 18268 --- [SpringApplicationShutdownHook] j.LocalContainerEntityManagerFactoryBean : Closing JPA EntityManagerFactory for persistence unit 'default'
2022-11-16 09:51:52.543  INFO 18268 --- [SpringApplicationShutdownHook] com.zaxxer.hikari.HikariDataSource       : HikariPool-1 - Shutdown initiated...
2022-11-16 09:51:52.553  INFO 18268 --- [SpringApplicationShutdownHook] com.zaxxer.hikari.HikariDataSource       : HikariPool-1 - Shutdown completed.
2022-11-16 09:51:56.865  INFO 17996 --- [main] m.b.c.i.D.DailyExpenseManagerApplication : Starting DailyExpenseManagerApplication using Java 17.0.4.1 on DESKTOP-FLH9TBV with PID 17996 (D:\Codes\mini-project\DailyExpenseManager\target\classes started by GrimSkin in D:\Codes\mini-project\DailyExpenseManager)
2022-11-16 09:51:56.867  INFO 17996 --- [main] m.b.c.i.D.DailyExpenseManagerApplication : No active profile set, falling back to 1 default profile: "default"
2022-11-16 09:51:57.538  INFO 17996 --- [main] .s.d.r.c.RepositoryConfigurationDelegate : Bootstrapping Spring Data JPA repositories in DEFAULT mode.
2022-11-16 09:51:57.607  INFO 17996 --- [main] .s.d.r.c.RepositoryConfigurationDelegate : Finished Spring Data repository scanning in 55 ms. Found 4 JPA repository interfaces.
2022-11-16 09:51:58.253  INFO 17996 --- [main] o.s.b.w.embedded.tomcat.TomcatWebServer  : Tomcat initialized with port(s): 8080 (http)
2022-11-16 09:51:58.265  INFO 17996 --- [main] o.apache.catalina.core.StandardService   : Starting service [Tomcat]
2022-11-16 09:51:58.265  INFO 17996 --- [main] org.apache.catalina.core.StandardEngine  : Starting Servlet engine: [Apache Tomcat/9.0.68]
2022-11-16 09:51:58.381  INFO 17996 --- [main] o.a.c.c.C.[Tomcat].[localhost].[/]       : Initializing Spring embedded WebApplicationContext
2022-11-16 09:51:58.381  INFO 17996 --- [main] w.s.c.ServletWebServerApplicationContext : Root WebApplicationContext: initialization completed in 1469 ms
2022-11-16 09:51:58.567  INFO 17996 --- [main] com.zaxxer.hikari.HikariDataSource       : HikariPool-1 - Starting...
2022-11-16 09:51:58.703  INFO 17996 --- [main] com.zaxxer.hikari.HikariDataSource       : HikariPool-1 - Start completed.
2022-11-16 09:51:58.751  INFO 17996 --- [main] o.hibernate.jpa.internal.util.LogHelper  : HHH000204: Processing PersistenceUnitInfo [name: default]
2022-11-16 09:51:58.813  INFO 17996 --- [main] org.hibernate.Version                    : HHH000412: Hibernate ORM core version 5.6.12.Final
2022-11-16 09:51:58.986  INFO 17996 --- [main] o.hibernate.annotations.common.Version   : HCANN000001: Hibernate Commons Annotations {5.1.2.Final}
2022-11-16 09:51:59.115  INFO 17996 --- [main] org.hibernate.dialect.Dialect            : HHH000400: Using dialect: org.hibernate.dialect.MySQL55Dialect
2022-11-16 09:51:59.622  INFO 17996 --- [main] o.h.e.t.j.p.i.JtaPlatformInitiator       : HHH000490: Using JtaPlatform implementation: [org.hibernate.engine.transaction.jta.platform.internal.NoJtaPlatform]
2022-11-16 09:51:59.635  INFO 17996 --- [main] j.LocalContainerEntityManagerFactoryBean : Initialized JPA EntityManagerFactory for persistence unit 'default'
2022-11-16 09:52:00.161  WARN 17996 --- [main] JpaBaseConfiguration$JpaWebConfiguration : spring.jpa.open-in-view is enabled by default. Therefore, database queries may be performed during view rendering. Explicitly configure spring.jpa.open-in-view to disable this warning
2022-11-16 09:52:00.341  INFO 17996 --- [main] o.s.s.web.DefaultSecurityFilterChain     : Will secure any request with [org.springframework.security.web.session.DisableEncodeUrlFilter@3ccefe1b, org.springframework.security.web.context.request.async.WebAsyncManagerIntegrationFilter@a926db4, org.springframework.security.web.context.SecurityContextPersistenceFilter@615e7fe7, org.springframework.security.web.header.HeaderWriterFilter@77e1dacd, org.springframework.security.web.authentication.logout.LogoutFilter@11174bf, org.springframework.security.web.authentication.UsernamePasswordAuthenticationFilter@279ab15e, org.springframework.security.web.authentication.ui.DefaultLoginPageGeneratingFilter@34b462e0, org.springframework.security.web.authentication.ui.DefaultLogoutPageGeneratingFilter@51e0f2eb, org.springframework.security.web.authentication.www.BasicAuthenticationFilter@6b92a0d1, org.springframework.security.web.savedrequest.RequestCacheAwareFilter@403cff1c, org.springframework.security.web.servletapi.SecurityContextHolderAwareRequestFilter@56976b8b, org.springframework.security.web.authentication.AnonymousAuthenticationFilter@7a51dc38, org.springframework.security.web.session.SessionManagementFilter@1c5d376c, org.springframework.security.web.access.ExceptionTranslationFilter@7a71ebf1, org.springframework.security.web.access.intercept.AuthorizationFilter@476a2819]
2022-11-16 09:52:00.530  INFO 17996 --- [main] o.s.b.w.embedded.tomcat.TomcatWebServer  : Tomcat started on port(s): 8080 (http) with context path ''
2022-11-16 09:52:00.539  INFO 17996 --- [main] m.b.c.i.D.DailyExpenseManagerApplication : Started DailyExpenseManagerApplication in 4.078 seconds (JVM running for 4.501)
2022-11-16 09:52:42.663  INFO 17996 --- [http-nio-8080-exec-1] o.a.c.c.C.[Tomcat].[localhost].[/]       : Initializing Spring DispatcherServlet 'dispatcherServlet'
2022-11-16 09:52:42.664  INFO 17996 --- [http-nio-8080-exec-1] o.s.web.servlet.DispatcherServlet        : Initializing Servlet 'dispatcherServlet'
2022-11-16 09:52:42.666  INFO 17996 --- [http-nio-8080-exec-1] o.s.web.servlet.DispatcherServlet        : Completed initialization in 2 ms
2022-11-16 09:56:23.939  INFO 17996 --- [SpringApplicationShutdownHook] j.LocalContainerEntityManagerFactoryBean : Closing JPA EntityManagerFactory for persistence unit 'default'
2022-11-16 09:56:23.942  INFO 17996 --- [SpringApplicationShutdownHook] com.zaxxer.hikari.HikariDataSource       : HikariPool-1 - Shutdown initiated...
2022-11-16 09:56:23.950  INFO 17996 --- [SpringApplicationShutdownHook] com.zaxxer.hikari.HikariDataSource       : HikariPool-1 - Shutdown completed.
2022-11-16 09:56:28.096  INFO 19660 --- [main] m.b.c.i.D.DailyExpenseManagerApplication : Starting DailyExpenseManagerApplication using Java 17.0.4.1 on DESKTOP-FLH9TBV with PID 19660 (D:\Codes\mini-project\DailyExpenseManager\target\classes started by GrimSkin in D:\Codes\mini-project\DailyExpenseManager)
2022-11-16 09:56:28.099  INFO 19660 --- [main] m.b.c.i.D.DailyExpenseManagerApplication : No active profile set, falling back to 1 default profile: "default"
2022-11-16 09:56:28.766  INFO 19660 --- [main] .s.d.r.c.RepositoryConfigurationDelegate : Bootstrapping Spring Data JPA repositories in DEFAULT mode.
2022-11-16 09:56:28.834  INFO 19660 --- [main] .s.d.r.c.RepositoryConfigurationDelegate : Finished Spring Data repository scanning in 58 ms. Found 4 JPA repository interfaces.
2022-11-16 09:56:29.468  INFO 19660 --- [main] o.s.b.w.embedded.tomcat.TomcatWebServer  : Tomcat initialized with port(s): 8080 (http)
2022-11-16 09:56:29.483  INFO 19660 --- [main] o.apache.catalina.core.StandardService   : Starting service [Tomcat]
2022-11-16 09:56:29.483  INFO 19660 --- [main] org.apache.catalina.core.StandardEngine  : Starting Servlet engine: [Apache Tomcat/9.0.68]
2022-11-16 09:56:29.615  INFO 19660 --- [main] o.a.c.c.C.[Tomcat].[localhost].[/]       : Initializing Spring embedded WebApplicationContext
2022-11-16 09:56:29.616  INFO 19660 --- [main] w.s.c.ServletWebServerApplicationContext : Root WebApplicationContext: initialization completed in 1469 ms
2022-11-16 09:56:29.804  INFO 19660 --- [main] com.zaxxer.hikari.HikariDataSource       : HikariPool-1 - Starting...
2022-11-16 09:56:29.957  INFO 19660 --- [main] com.zaxxer.hikari.HikariDataSource       : HikariPool-1 - Start completed.
2022-11-16 09:56:30.004  INFO 19660 --- [main] o.hibernate.jpa.internal.util.LogHelper  : HHH000204: Processing PersistenceUnitInfo [name: default]
2022-11-16 09:56:30.063  INFO 19660 --- [main] org.hibernate.Version                    : HHH000412: Hibernate ORM core version 5.6.12.Final
2022-11-16 09:56:30.249  INFO 19660 --- [main] o.hibernate.annotations.common.Version   : HCANN000001: Hibernate Commons Annotations {5.1.2.Final}
2022-11-16 09:56:30.388  INFO 19660 --- [main] org.hibernate.dialect.Dialect            : HHH000400: Using dialect: org.hibernate.dialect.MySQL55Dialect
2022-11-16 09:56:30.894  INFO 19660 --- [main] o.h.e.t.j.p.i.JtaPlatformInitiator       : HHH000490: Using JtaPlatform implementation: [org.hibernate.engine.transaction.jta.platform.internal.NoJtaPlatform]
2022-11-16 09:56:30.902  INFO 19660 --- [main] j.LocalContainerEntityManagerFactoryBean : Initialized JPA EntityManagerFactory for persistence unit 'default'
2022-11-16 09:56:31.434  WARN 19660 --- [main] JpaBaseConfiguration$JpaWebConfiguration : spring.jpa.open-in-view is enabled by default. Therefore, database queries may be performed during view rendering. Explicitly configure spring.jpa.open-in-view to disable this warning
2022-11-16 09:56:31.634  INFO 19660 --- [main] o.s.s.web.DefaultSecurityFilterChain     : Will secure any request with [org.springframework.security.web.session.DisableEncodeUrlFilter@3ccefe1b, org.springframework.security.web.context.request.async.WebAsyncManagerIntegrationFilter@a926db4, org.springframework.security.web.context.SecurityContextPersistenceFilter@615e7fe7, org.springframework.security.web.header.HeaderWriterFilter@77e1dacd, org.springframework.security.web.authentication.logout.LogoutFilter@11174bf, org.springframework.security.web.authentication.UsernamePasswordAuthenticationFilter@279ab15e, org.springframework.security.web.authentication.ui.DefaultLoginPageGeneratingFilter@34b462e0, org.springframework.security.web.authentication.ui.DefaultLogoutPageGeneratingFilter@51e0f2eb, org.springframework.security.web.authentication.www.BasicAuthenticationFilter@6b92a0d1, org.springframework.security.web.savedrequest.RequestCacheAwareFilter@403cff1c, org.springframework.security.web.servletapi.SecurityContextHolderAwareRequestFilter@56976b8b, org.springframework.security.web.authentication.AnonymousAuthenticationFilter@7a51dc38, org.springframework.security.web.session.SessionManagementFilter@1c5d376c, org.springframework.security.web.access.ExceptionTranslationFilter@7a71ebf1, org.springframework.security.web.access.intercept.AuthorizationFilter@476a2819]
2022-11-16 09:56:31.821  INFO 19660 --- [main] o.s.b.w.embedded.tomcat.TomcatWebServer  : Tomcat started on port(s): 8080 (http) with context path ''
2022-11-16 09:56:31.830  INFO 19660 --- [main] m.b.c.i.D.DailyExpenseManagerApplication : Started DailyExpenseManagerApplication in 4.143 seconds (JVM running for 4.565)
2022-11-16 10:12:31.570  INFO 19660 --- [http-nio-8080-exec-1] o.a.c.c.C.[Tomcat].[localhost].[/]       : Initializing Spring DispatcherServlet 'dispatcherServlet'
2022-11-16 10:12:31.570  INFO 19660 --- [http-nio-8080-exec-1] o.s.web.servlet.DispatcherServlet        : Initializing Servlet 'dispatcherServlet'
2022-11-16 10:12:31.571  INFO 19660 --- [http-nio-8080-exec-1] o.s.web.servlet.DispatcherServlet        : Completed initialization in 1 ms
2022-11-16 10:12:55.496  INFO 19660 --- [SpringApplicationShutdownHook] j.LocalContainerEntityManagerFactoryBean : Closing JPA EntityManagerFactory for persistence unit 'default'
2022-11-16 10:12:55.499  INFO 19660 --- [SpringApplicationShutdownHook] com.zaxxer.hikari.HikariDataSource       : HikariPool-1 - Shutdown initiated...
2022-11-16 10:12:55.507  INFO 19660 --- [SpringApplicationShutdownHook] com.zaxxer.hikari.HikariDataSource       : HikariPool-1 - Shutdown completed.
2022-11-16 10:12:59.739  INFO 15568 --- [main] m.b.c.i.D.DailyExpenseManagerApplication : Starting DailyExpenseManagerApplication using Java 17.0.4.1 on DESKTOP-FLH9TBV with PID 15568 (D:\Codes\mini-project\DailyExpenseManager\target\classes started by GrimSkin in D:\Codes\mini-project\DailyExpenseManager)
2022-11-16 10:12:59.741  INFO 15568 --- [main] m.b.c.i.D.DailyExpenseManagerApplication : No active profile set, falling back to 1 default profile: "default"
2022-11-16 10:13:00.425  INFO 15568 --- [main] .s.d.r.c.RepositoryConfigurationDelegate : Bootstrapping Spring Data JPA repositories in DEFAULT mode.
2022-11-16 10:13:00.491  INFO 15568 --- [main] .s.d.r.c.RepositoryConfigurationDelegate : Finished Spring Data repository scanning in 56 ms. Found 4 JPA repository interfaces.
2022-11-16 10:13:01.115  INFO 15568 --- [main] o.s.b.w.embedded.tomcat.TomcatWebServer  : Tomcat initialized with port(s): 8080 (http)
2022-11-16 10:13:01.126  INFO 15568 --- [main] o.apache.catalina.core.StandardService   : Starting service [Tomcat]
2022-11-16 10:13:01.126  INFO 15568 --- [main] org.apache.catalina.core.StandardEngine  : Starting Servlet engine: [Apache Tomcat/9.0.68]
2022-11-16 10:13:01.244  INFO 15568 --- [main] o.a.c.c.C.[Tomcat].[localhost].[/]       : Initializing Spring embedded WebApplicationContext
2022-11-16 10:13:01.244  INFO 15568 --- [main] w.s.c.ServletWebServerApplicationContext : Root WebApplicationContext: initialization completed in 1451 ms
2022-11-16 10:13:01.435  INFO 15568 --- [main] com.zaxxer.hikari.HikariDataSource       : HikariPool-1 - Starting...
2022-11-16 10:13:01.579  INFO 15568 --- [main] com.zaxxer.hikari.HikariDataSource       : HikariPool-1 - Start completed.
2022-11-16 10:13:01.626  INFO 15568 --- [main] o.hibernate.jpa.internal.util.LogHelper  : HHH000204: Processing PersistenceUnitInfo [name: default]
2022-11-16 10:13:01.688  INFO 15568 --- [main] org.hibernate.Version                    : HHH000412: Hibernate ORM core version 5.6.12.Final
2022-11-16 10:13:01.861  INFO 15568 --- [main] o.hibernate.annotations.common.Version   : HCANN000001: Hibernate Commons Annotations {5.1.2.Final}
2022-11-16 10:13:01.986  INFO 15568 --- [main] org.hibernate.dialect.Dialect            : HHH000400: Using dialect: org.hibernate.dialect.MySQL55Dialect
2022-11-16 10:13:02.497  INFO 15568 --- [main] o.h.e.t.j.p.i.JtaPlatformInitiator       : HHH000490: Using JtaPlatform implementation: [org.hibernate.engine.transaction.jta.platform.internal.NoJtaPlatform]
2022-11-16 10:13:02.508  INFO 15568 --- [main] j.LocalContainerEntityManagerFactoryBean : Initialized JPA EntityManagerFactory for persistence unit 'default'
2022-11-16 10:13:03.054  WARN 15568 --- [main] JpaBaseConfiguration$JpaWebConfiguration : spring.jpa.open-in-view is enabled by default. Therefore, database queries may be performed during view rendering. Explicitly configure spring.jpa.open-in-view to disable this warning
2022-11-16 10:13:03.237  INFO 15568 --- [main] o.s.s.web.DefaultSecurityFilterChain     : Will secure any request with [org.springframework.security.web.session.DisableEncodeUrlFilter@7a51dc38, org.springframework.security.web.context.request.async.WebAsyncManagerIntegrationFilter@31a4db4f, org.springframework.security.web.context.SecurityContextPersistenceFilter@19677add, org.springframework.security.web.header.HeaderWriterFilter@42f2cae8, org.springframework.security.web.authentication.logout.LogoutFilter@7a522157, org.springframework.security.web.authentication.UsernamePasswordAuthenticationFilter@4eacb6d1, org.springframework.security.web.authentication.ui.DefaultLoginPageGeneratingFilter@1e592ef2, org.springframework.security.web.authentication.ui.DefaultLogoutPageGeneratingFilter@2842ef02, org.springframework.security.web.authentication.www.BasicAuthenticationFilter@3ec62141, org.springframework.security.web.savedrequest.RequestCacheAwareFilter@71f4aeb6, org.springframework.security.web.servletapi.SecurityContextHolderAwareRequestFilter@fd0e118, org.springframework.security.web.authentication.AnonymousAuthenticationFilter@7e63374b, org.springframework.security.web.session.SessionManagementFilter@615e7fe7, org.springframework.security.web.access.ExceptionTranslationFilter@690677de, org.springframework.security.web.access.intercept.AuthorizationFilter@5810772a]
2022-11-16 10:13:03.420  INFO 15568 --- [main] o.s.b.w.embedded.tomcat.TomcatWebServer  : Tomcat started on port(s): 8080 (http) with context path ''
2022-11-16 10:13:03.428  INFO 15568 --- [main] m.b.c.i.D.DailyExpenseManagerApplication : Started DailyExpenseManagerApplication in 4.112 seconds (JVM running for 4.529)
2022-11-16 10:13:26.471  INFO 15568 --- [http-nio-8080-exec-1] o.a.c.c.C.[Tomcat].[localhost].[/]       : Initializing Spring DispatcherServlet 'dispatcherServlet'
2022-11-16 10:13:26.471  INFO 15568 --- [http-nio-8080-exec-1] o.s.web.servlet.DispatcherServlet        : Initializing Servlet 'dispatcherServlet'
2022-11-16 10:13:26.473  INFO 15568 --- [http-nio-8080-exec-1] o.s.web.servlet.DispatcherServlet        : Completed initialization in 2 ms
2022-11-16 10:17:58.191  INFO 15568 --- [SpringApplicationShutdownHook] j.LocalContainerEntityManagerFactoryBean : Closing JPA EntityManagerFactory for persistence unit 'default'
2022-11-16 10:17:58.193  INFO 15568 --- [SpringApplicationShutdownHook] com.zaxxer.hikari.HikariDataSource       : HikariPool-1 - Shutdown initiated...
2022-11-16 10:17:58.202  INFO 15568 --- [SpringApplicationShutdownHook] com.zaxxer.hikari.HikariDataSource       : HikariPool-1 - Shutdown completed.
2022-11-16 10:18:02.703  INFO 11668 --- [main] m.b.c.i.D.DailyExpenseManagerApplication : Starting DailyExpenseManagerApplication using Java 17.0.4.1 on DESKTOP-FLH9TBV with PID 11668 (D:\Codes\mini-project\DailyExpenseManager\target\classes started by GrimSkin in D:\Codes\mini-project\DailyExpenseManager)
2022-11-16 10:18:02.706  INFO 11668 --- [main] m.b.c.i.D.DailyExpenseManagerApplication : No active profile set, falling back to 1 default profile: "default"
2022-11-16 10:18:03.373  INFO 11668 --- [main] .s.d.r.c.RepositoryConfigurationDelegate : Bootstrapping Spring Data JPA repositories in DEFAULT mode.
2022-11-16 10:18:03.436  INFO 11668 --- [main] .s.d.r.c.RepositoryConfigurationDelegate : Finished Spring Data repository scanning in 54 ms. Found 4 JPA repository interfaces.
2022-11-16 10:18:04.088  INFO 11668 --- [main] o.s.b.w.embedded.tomcat.TomcatWebServer  : Tomcat initialized with port(s): 8080 (http)
2022-11-16 10:18:04.100  INFO 11668 --- [main] o.apache.catalina.core.StandardService   : Starting service [Tomcat]
2022-11-16 10:18:04.100  INFO 11668 --- [main] org.apache.catalina.core.StandardEngine  : Starting Servlet engine: [Apache Tomcat/9.0.68]
2022-11-16 10:18:04.212  INFO 11668 --- [main] o.a.c.c.C.[Tomcat].[localhost].[/]       : Initializing Spring embedded WebApplicationContext
2022-11-16 10:18:04.212  INFO 11668 --- [main] w.s.c.ServletWebServerApplicationContext : Root WebApplicationContext: initialization completed in 1456 ms
2022-11-16 10:18:04.401  INFO 11668 --- [main] com.zaxxer.hikari.HikariDataSource       : HikariPool-1 - Starting...
2022-11-16 10:18:04.535  INFO 11668 --- [main] com.zaxxer.hikari.HikariDataSource       : HikariPool-1 - Start completed.
2022-11-16 10:18:04.580  INFO 11668 --- [main] o.hibernate.jpa.internal.util.LogHelper  : HHH000204: Processing PersistenceUnitInfo [name: default]
2022-11-16 10:18:04.652  INFO 11668 --- [main] org.hibernate.Version                    : HHH000412: Hibernate ORM core version 5.6.12.Final
2022-11-16 10:18:04.828  INFO 11668 --- [main] o.hibernate.annotations.common.Version   : HCANN000001: Hibernate Commons Annotations {5.1.2.Final}
2022-11-16 10:18:04.949  INFO 11668 --- [main] org.hibernate.dialect.Dialect            : HHH000400: Using dialect: org.hibernate.dialect.MySQL55Dialect
2022-11-16 10:18:05.469  INFO 11668 --- [main] o.h.e.t.j.p.i.JtaPlatformInitiator       : HHH000490: Using JtaPlatform implementation: [org.hibernate.engine.transaction.jta.platform.internal.NoJtaPlatform]
2022-11-16 10:18:05.479  INFO 11668 --- [main] j.LocalContainerEntityManagerFactoryBean : Initialized JPA EntityManagerFactory for persistence unit 'default'
2022-11-16 10:18:06.001  WARN 11668 --- [main] JpaBaseConfiguration$JpaWebConfiguration : spring.jpa.open-in-view is enabled by default. Therefore, database queries may be performed during view rendering. Explicitly configure spring.jpa.open-in-view to disable this warning
2022-11-16 10:18:06.190  INFO 11668 --- [main] o.s.s.web.DefaultSecurityFilterChain     : Will secure any request with [org.springframework.security.web.session.DisableEncodeUrlFilter@51e0f2eb, org.springframework.security.web.context.request.async.WebAsyncManagerIntegrationFilter@7a51dc38, org.springframework.security.web.context.SecurityContextPersistenceFilter@403cff1c, org.springframework.security.web.header.HeaderWriterFilter@1c5d376c, org.springframework.security.web.authentication.logout.LogoutFilter@188ae8d2, org.springframework.security.web.authentication.UsernamePasswordAuthenticationFilter@5810772a, org.springframework.security.web.authentication.ui.DefaultLoginPageGeneratingFilter@4c3fcbe7, org.springframework.security.web.authentication.ui.DefaultLogoutPageGeneratingFilter@31a4db4f, org.springframework.security.web.authentication.www.BasicAuthenticationFilter@39b95a80, org.springframework.security.web.savedrequest.RequestCacheAwareFilter@b548f51, org.springframework.security.web.servletapi.SecurityContextHolderAwareRequestFilter@5b0575d0, org.springframework.security.web.authentication.AnonymousAuthenticationFilter@2842ef02, org.springframework.security.web.session.SessionManagementFilter@3bbc47c9, org.springframework.security.web.access.ExceptionTranslationFilter@77e1dacd, org.springframework.security.web.access.intercept.AuthorizationFilter@571c2ed8]
2022-11-16 10:18:06.379  INFO 11668 --- [main] o.s.b.w.embedded.tomcat.TomcatWebServer  : Tomcat started on port(s): 8080 (http) with context path ''
2022-11-16 10:18:06.389  INFO 11668 --- [main] m.b.c.i.D.DailyExpenseManagerApplication : Started DailyExpenseManagerApplication in 4.101 seconds (JVM running for 4.523)
2022-11-16 10:19:36.948  INFO 11668 --- [http-nio-8080-exec-2] o.a.c.c.C.[Tomcat].[localhost].[/]       : Initializing Spring DispatcherServlet 'dispatcherServlet'
2022-11-16 10:19:36.948  INFO 11668 --- [http-nio-8080-exec-2] o.s.web.servlet.DispatcherServlet        : Initializing Servlet 'dispatcherServlet'
2022-11-16 10:19:36.950  INFO 11668 --- [http-nio-8080-exec-2] o.s.web.servlet.DispatcherServlet        : Completed initialization in 2 ms
2022-11-16 10:49:53.483  INFO 11668 --- [SpringApplicationShutdownHook] j.LocalContainerEntityManagerFactoryBean : Closing JPA EntityManagerFactory for persistence unit 'default'
2022-11-16 10:49:53.485  INFO 11668 --- [SpringApplicationShutdownHook] com.zaxxer.hikari.HikariDataSource       : HikariPool-1 - Shutdown initiated...
2022-11-16 10:49:53.490  INFO 11668 --- [SpringApplicationShutdownHook] com.zaxxer.hikari.HikariDataSource       : HikariPool-1 - Shutdown completed.
2022-11-16 10:49:57.908  INFO 13376 --- [main] m.b.c.i.D.DailyExpenseManagerApplication : Starting DailyExpenseManagerApplication using Java 17.0.4.1 on DESKTOP-FLH9TBV with PID 13376 (D:\Codes\mini-project\DailyExpenseManager\target\classes started by GrimSkin in D:\Codes\mini-project\DailyExpenseManager)
2022-11-16 10:49:57.910  INFO 13376 --- [main] m.b.c.i.D.DailyExpenseManagerApplication : No active profile set, falling back to 1 default profile: "default"
2022-11-16 10:49:58.593  INFO 13376 --- [main] .s.d.r.c.RepositoryConfigurationDelegate : Bootstrapping Spring Data JPA repositories in DEFAULT mode.
2022-11-16 10:49:58.661  INFO 13376 --- [main] .s.d.r.c.RepositoryConfigurationDelegate : Finished Spring Data repository scanning in 59 ms. Found 5 JPA repository interfaces.
2022-11-16 10:49:59.311  INFO 13376 --- [main] o.s.b.w.embedded.tomcat.TomcatWebServer  : Tomcat initialized with port(s): 8080 (http)
2022-11-16 10:49:59.322  INFO 13376 --- [main] o.apache.catalina.core.StandardService   : Starting service [Tomcat]
2022-11-16 10:49:59.322  INFO 13376 --- [main] org.apache.catalina.core.StandardEngine  : Starting Servlet engine: [Apache Tomcat/9.0.68]
2022-11-16 10:49:59.449  INFO 13376 --- [main] o.a.c.c.C.[Tomcat].[localhost].[/]       : Initializing Spring embedded WebApplicationContext
2022-11-16 10:49:59.450  INFO 13376 --- [main] w.s.c.ServletWebServerApplicationContext : Root WebApplicationContext: initialization completed in 1488 ms
2022-11-16 10:49:59.637  INFO 13376 --- [main] com.zaxxer.hikari.HikariDataSource       : HikariPool-1 - Starting...
2022-11-16 10:49:59.795  INFO 13376 --- [main] com.zaxxer.hikari.HikariDataSource       : HikariPool-1 - Start completed.
2022-11-16 10:49:59.846  INFO 13376 --- [main] o.hibernate.jpa.internal.util.LogHelper  : HHH000204: Processing PersistenceUnitInfo [name: default]
2022-11-16 10:49:59.911  INFO 13376 --- [main] org.hibernate.Version                    : HHH000412: Hibernate ORM core version 5.6.12.Final
2022-11-16 10:50:00.101  INFO 13376 --- [main] o.hibernate.annotations.common.Version   : HCANN000001: Hibernate Commons Annotations {5.1.2.Final}
2022-11-16 10:50:00.219  INFO 13376 --- [main] org.hibernate.dialect.Dialect            : HHH000400: Using dialect: org.hibernate.dialect.MySQL55Dialect
2022-11-16 10:50:00.728  INFO 13376 --- [main] o.h.e.t.j.p.i.JtaPlatformInitiator       : HHH000490: Using JtaPlatform implementation: [org.hibernate.engine.transaction.jta.platform.internal.NoJtaPlatform]
2022-11-16 10:50:00.740  INFO 13376 --- [main] j.LocalContainerEntityManagerFactoryBean : Initialized JPA EntityManagerFactory for persistence unit 'default'
2022-11-16 10:50:01.317  WARN 13376 --- [main] JpaBaseConfiguration$JpaWebConfiguration : spring.jpa.open-in-view is enabled by default. Therefore, database queries may be performed during view rendering. Explicitly configure spring.jpa.open-in-view to disable this warning
2022-11-16 10:50:01.507  INFO 13376 --- [main] o.s.s.web.DefaultSecurityFilterChain     : Will secure any request with [org.springframework.security.web.session.DisableEncodeUrlFilter@17fb5184, org.springframework.security.web.context.request.async.WebAsyncManagerIntegrationFilter@184bb873, org.springframework.security.web.context.SecurityContextPersistenceFilter@4a14f7d7, org.springframework.security.web.header.HeaderWriterFilter@237aba92, org.springframework.security.web.authentication.logout.LogoutFilter@37a1beb3, org.springframework.security.web.authentication.UsernamePasswordAuthenticationFilter@532ea86b, org.springframework.security.web.authentication.ui.DefaultLoginPageGeneratingFilter@f60c14e, org.springframework.security.web.authentication.ui.DefaultLogoutPageGeneratingFilter@696ce057, org.springframework.security.web.authentication.www.BasicAuthenticationFilter@8c3b634, org.springframework.security.web.savedrequest.RequestCacheAwareFilter@15ce261, org.springframework.security.web.servletapi.SecurityContextHolderAwareRequestFilter@723b8eff, org.springframework.security.web.authentication.AnonymousAuthenticationFilter@5eba9e41, org.springframework.security.web.session.SessionManagementFilter@6978a32a, org.springframework.security.web.access.ExceptionTranslationFilter@2ae4c424, org.springframework.security.web.access.intercept.AuthorizationFilter@5cf80dfb]
2022-11-16 10:50:01.697  INFO 13376 --- [main] o.s.b.w.embedded.tomcat.TomcatWebServer  : Tomcat started on port(s): 8080 (http) with context path ''
2022-11-16 10:50:01.706  INFO 13376 --- [main] m.b.c.i.D.DailyExpenseManagerApplication : Started DailyExpenseManagerApplication in 4.221 seconds (JVM running for 4.639)
2022-11-16 10:52:12.096  INFO 13376 --- [SpringApplicationShutdownHook] j.LocalContainerEntityManagerFactoryBean : Closing JPA EntityManagerFactory for persistence unit 'default'
2022-11-16 10:52:12.098  INFO 13376 --- [SpringApplicationShutdownHook] com.zaxxer.hikari.HikariDataSource       : HikariPool-1 - Shutdown initiated...
2022-11-16 10:52:12.110  INFO 13376 --- [SpringApplicationShutdownHook] com.zaxxer.hikari.HikariDataSource       : HikariPool-1 - Shutdown completed.
2022-11-16 10:52:15.658  INFO 8776 --- [main] m.b.c.i.D.DailyExpenseManagerApplication : Starting DailyExpenseManagerApplication using Java 17.0.4.1 on DESKTOP-FLH9TBV with PID 8776 (D:\Codes\mini-project\DailyExpenseManager\target\classes started by GrimSkin in D:\Codes\mini-project\DailyExpenseManager)
2022-11-16 10:52:15.661  INFO 8776 --- [main] m.b.c.i.D.DailyExpenseManagerApplication : No active profile set, falling back to 1 default profile: "default"
2022-11-16 10:52:16.335  INFO 8776 --- [main] .s.d.r.c.RepositoryConfigurationDelegate : Bootstrapping Spring Data JPA repositories in DEFAULT mode.
2022-11-16 10:52:16.408  INFO 8776 --- [main] .s.d.r.c.RepositoryConfigurationDelegate : Finished Spring Data repository scanning in 62 ms. Found 5 JPA repository interfaces.
2022-11-16 10:52:17.040  INFO 8776 --- [main] o.s.b.w.embedded.tomcat.TomcatWebServer  : Tomcat initialized with port(s): 8080 (http)
2022-11-16 10:52:17.052  INFO 8776 --- [main] o.apache.catalina.core.StandardService   : Starting service [Tomcat]
2022-11-16 10:52:17.053  INFO 8776 --- [main] org.apache.catalina.core.StandardEngine  : Starting Servlet engine: [Apache Tomcat/9.0.68]
2022-11-16 10:52:17.173  INFO 8776 --- [main] o.a.c.c.C.[Tomcat].[localhost].[/]       : Initializing Spring embedded WebApplicationContext
2022-11-16 10:52:17.173  INFO 8776 --- [main] w.s.c.ServletWebServerApplicationContext : Root WebApplicationContext: initialization completed in 1461 ms
2022-11-16 10:52:17.362  INFO 8776 --- [main] com.zaxxer.hikari.HikariDataSource       : HikariPool-1 - Starting...
2022-11-16 10:52:17.483  INFO 8776 --- [main] com.zaxxer.hikari.HikariDataSource       : HikariPool-1 - Start completed.
2022-11-16 10:52:17.532  INFO 8776 --- [main] o.hibernate.jpa.internal.util.LogHelper  : HHH000204: Processing PersistenceUnitInfo [name: default]
2022-11-16 10:52:17.598  INFO 8776 --- [main] org.hibernate.Version                    : HHH000412: Hibernate ORM core version 5.6.12.Final
2022-11-16 10:52:17.776  INFO 8776 --- [main] o.hibernate.annotations.common.Version   : HCANN000001: Hibernate Commons Annotations {5.1.2.Final}
2022-11-16 10:52:17.897  INFO 8776 --- [main] org.hibernate.dialect.Dialect            : HHH000400: Using dialect: org.hibernate.dialect.MySQL55Dialect
2022-11-16 10:52:18.434  INFO 8776 --- [main] o.h.e.t.j.p.i.JtaPlatformInitiator       : HHH000490: Using JtaPlatform implementation: [org.hibernate.engine.transaction.jta.platform.internal.NoJtaPlatform]
2022-11-16 10:52:18.444  INFO 8776 --- [main] j.LocalContainerEntityManagerFactoryBean : Initialized JPA EntityManagerFactory for persistence unit 'default'
2022-11-16 10:52:18.982  WARN 8776 --- [main] JpaBaseConfiguration$JpaWebConfiguration : spring.jpa.open-in-view is enabled by default. Therefore, database queries may be performed during view rendering. Explicitly configure spring.jpa.open-in-view to disable this warning
2022-11-16 10:52:19.171  INFO 8776 --- [main] o.s.s.web.DefaultSecurityFilterChain     : Will secure any request with [org.springframework.security.web.session.DisableEncodeUrlFilter@13809363, org.springframework.security.web.context.request.async.WebAsyncManagerIntegrationFilter@564d3940, org.springframework.security.web.context.SecurityContextPersistenceFilter@39840986, org.springframework.security.web.header.HeaderWriterFilter@233ece92, org.springframework.security.web.authentication.logout.LogoutFilter@3da61af2, org.springframework.security.web.authentication.UsernamePasswordAuthenticationFilter@17fb5184, org.springframework.security.web.authentication.ui.DefaultLoginPageGeneratingFilter@2b506a79, org.springframework.security.web.authentication.ui.DefaultLogoutPageGeneratingFilter@58ad0586, org.springframework.security.web.authentication.www.BasicAuthenticationFilter@746f8520, org.springframework.security.web.savedrequest.RequestCacheAwareFilter@723b8eff, org.springframework.security.web.servletapi.SecurityContextHolderAwareRequestFilter@becb93a, org.springframework.security.web.authentication.AnonymousAuthenticationFilter@526fc044, org.springframework.security.web.session.SessionManagementFilter@66596c4c, org.springframework.security.web.access.ExceptionTranslationFilter@6978a32a, org.springframework.security.web.access.intercept.AuthorizationFilter@3130ca39]
2022-11-16 10:52:19.363  INFO 8776 --- [main] o.s.b.w.embedded.tomcat.TomcatWebServer  : Tomcat started on port(s): 8080 (http) with context path ''
2022-11-16 10:52:19.371  INFO 8776 --- [main] m.b.c.i.D.DailyExpenseManagerApplication : Started DailyExpenseManagerApplication in 4.138 seconds (JVM running for 4.573)
2022-11-16 10:54:46.130  INFO 8776 --- [http-nio-8080-exec-2] o.a.c.c.C.[Tomcat].[localhost].[/]       : Initializing Spring DispatcherServlet 'dispatcherServlet'
2022-11-16 10:54:46.130  INFO 8776 --- [http-nio-8080-exec-2] o.s.web.servlet.DispatcherServlet        : Initializing Servlet 'dispatcherServlet'
2022-11-16 10:54:46.131  INFO 8776 --- [http-nio-8080-exec-2] o.s.web.servlet.DispatcherServlet        : Completed initialization in 1 ms
2022-11-16 10:55:37.353  WARN 8776 --- [http-nio-8080-exec-3] .w.s.m.s.DefaultHandlerExceptionResolver : Resolved [org.springframework.web.HttpRequestMethodNotSupportedException: Request method 'GET' not supported]
2022-11-16 11:00:44.279  INFO 8776 --- [SpringApplicationShutdownHook] j.LocalContainerEntityManagerFactoryBean : Closing JPA EntityManagerFactory for persistence unit 'default'
2022-11-16 11:00:44.281  INFO 8776 --- [SpringApplicationShutdownHook] com.zaxxer.hikari.HikariDataSource       : HikariPool-1 - Shutdown initiated...
2022-11-16 11:00:44.290  INFO 8776 --- [SpringApplicationShutdownHook] com.zaxxer.hikari.HikariDataSource       : HikariPool-1 - Shutdown completed.
2022-11-16 11:00:48.890  INFO 9052 --- [main] m.b.c.i.D.DailyExpenseManagerApplication : Starting DailyExpenseManagerApplication using Java 17.0.4.1 on DESKTOP-FLH9TBV with PID 9052 (D:\Codes\mini-project\DailyExpenseManager\target\classes started by GrimSkin in D:\Codes\mini-project\DailyExpenseManager)
2022-11-16 11:00:48.893  INFO 9052 --- [main] m.b.c.i.D.DailyExpenseManagerApplication : No active profile set, falling back to 1 default profile: "default"
2022-11-16 11:00:49.568  INFO 9052 --- [main] .s.d.r.c.RepositoryConfigurationDelegate : Bootstrapping Spring Data JPA repositories in DEFAULT mode.
2022-11-16 11:00:49.638  INFO 9052 --- [main] .s.d.r.c.RepositoryConfigurationDelegate : Finished Spring Data repository scanning in 60 ms. Found 5 JPA repository interfaces.
2022-11-16 11:00:50.278  INFO 9052 --- [main] o.s.b.w.embedded.tomcat.TomcatWebServer  : Tomcat initialized with port(s): 8080 (http)
2022-11-16 11:00:50.288  INFO 9052 --- [main] o.apache.catalina.core.StandardService   : Starting service [Tomcat]
2022-11-16 11:00:50.288  INFO 9052 --- [main] org.apache.catalina.core.StandardEngine  : Starting Servlet engine: [Apache Tomcat/9.0.68]
2022-11-16 11:00:50.403  INFO 9052 --- [main] o.a.c.c.C.[Tomcat].[localhost].[/]       : Initializing Spring embedded WebApplicationContext
2022-11-16 11:00:50.403  INFO 9052 --- [main] w.s.c.ServletWebServerApplicationContext : Root WebApplicationContext: initialization completed in 1465 ms
2022-11-16 11:00:50.602  INFO 9052 --- [main] com.zaxxer.hikari.HikariDataSource       : HikariPool-1 - Starting...
2022-11-16 11:00:50.732  INFO 9052 --- [main] com.zaxxer.hikari.HikariDataSource       : HikariPool-1 - Start completed.
2022-11-16 11:00:50.784  INFO 9052 --- [main] o.hibernate.jpa.internal.util.LogHelper  : HHH000204: Processing PersistenceUnitInfo [name: default]
2022-11-16 11:00:50.844  INFO 9052 --- [main] org.hibernate.Version                    : HHH000412: Hibernate ORM core version 5.6.12.Final
2022-11-16 11:00:51.016  INFO 9052 --- [main] o.hibernate.annotations.common.Version   : HCANN000001: Hibernate Commons Annotations {5.1.2.Final}
2022-11-16 11:00:51.139  INFO 9052 --- [main] org.hibernate.dialect.Dialect            : HHH000400: Using dialect: org.hibernate.dialect.MySQL55Dialect
2022-11-16 11:00:51.682  INFO 9052 --- [main] o.h.e.t.j.p.i.JtaPlatformInitiator       : HHH000490: Using JtaPlatform implementation: [org.hibernate.engine.transaction.jta.platform.internal.NoJtaPlatform]
2022-11-16 11:00:51.693  INFO 9052 --- [main] j.LocalContainerEntityManagerFactoryBean : Initialized JPA EntityManagerFactory for persistence unit 'default'
2022-11-16 11:00:52.252  WARN 9052 --- [main] JpaBaseConfiguration$JpaWebConfiguration : spring.jpa.open-in-view is enabled by default. Therefore, database queries may be performed during view rendering. Explicitly configure spring.jpa.open-in-view to disable this warning
2022-11-16 11:00:52.445  INFO 9052 --- [main] o.s.s.web.DefaultSecurityFilterChain     : Will secure any request with [org.springframework.security.web.session.DisableEncodeUrlFilter@13809363, org.springframework.security.web.context.request.async.WebAsyncManagerIntegrationFilter@564d3940, org.springframework.security.web.context.SecurityContextPersistenceFilter@39840986, org.springframework.security.web.header.HeaderWriterFilter@233ece92, org.springframework.security.web.authentication.logout.LogoutFilter@3da61af2, org.springframework.security.web.authentication.UsernamePasswordAuthenticationFilter@17fb5184, org.springframework.security.web.authentication.ui.DefaultLoginPageGeneratingFilter@2b506a79, org.springframework.security.web.authentication.ui.DefaultLogoutPageGeneratingFilter@58ad0586, org.springframework.security.web.authentication.www.BasicAuthenticationFilter@746f8520, org.springframework.security.web.savedrequest.RequestCacheAwareFilter@723b8eff, org.springframework.security.web.servletapi.SecurityContextHolderAwareRequestFilter@becb93a, org.springframework.security.web.authentication.AnonymousAuthenticationFilter@526fc044, org.springframework.security.web.session.SessionManagementFilter@66596c4c, org.springframework.security.web.access.ExceptionTranslationFilter@6978a32a, org.springframework.security.web.access.intercept.AuthorizationFilter@3130ca39]
2022-11-16 11:00:52.630  INFO 9052 --- [main] o.s.b.w.embedded.tomcat.TomcatWebServer  : Tomcat started on port(s): 8080 (http) with context path ''
2022-11-16 11:00:52.637  INFO 9052 --- [main] m.b.c.i.D.DailyExpenseManagerApplication : Started DailyExpenseManagerApplication in 4.16 seconds (JVM running for 4.604)
2022-11-16 11:01:11.484  INFO 9052 --- [http-nio-8080-exec-1] o.a.c.c.C.[Tomcat].[localhost].[/]       : Initializing Spring DispatcherServlet 'dispatcherServlet'
2022-11-16 11:01:11.485  INFO 9052 --- [http-nio-8080-exec-1] o.s.web.servlet.DispatcherServlet        : Initializing Servlet 'dispatcherServlet'
2022-11-16 11:01:11.486  INFO 9052 --- [http-nio-8080-exec-1] o.s.web.servlet.DispatcherServlet        : Completed initialization in 1 ms
2022-11-16 11:04:10.019  INFO 9052 --- [SpringApplicationShutdownHook] j.LocalContainerEntityManagerFactoryBean : Closing JPA EntityManagerFactory for persistence unit 'default'
2022-11-16 11:04:10.023  INFO 9052 --- [SpringApplicationShutdownHook] com.zaxxer.hikari.HikariDataSource       : HikariPool-1 - Shutdown initiated...
2022-11-16 11:04:10.031  INFO 9052 --- [SpringApplicationShutdownHook] com.zaxxer.hikari.HikariDataSource       : HikariPool-1 - Shutdown completed.
